<?xml version="1.0" encoding="UTF-8"?>
<!-- Generated by org.testng.reporters.JUnitXMLReporter -->
<testsuite ignored="0" hostname="DESKTOP-DNPC8RQ" failures="0" tests="6" name="Test1" time="119.968" errors="0" timestamp="2024-06-13T14:56:48 IST">
  <testcase classname="com.crm.orgTest.CreateOrganizationTest" name="craeteOrgTest" time="22.968"/>
  <testcase classname="com.crm.contactTest.CreateContactTest" name="createContact" time="26.661"/>
  <testcase classname="com.crm.orgTest.CreateOrganizationTest" name="createOrgWithIndustry" time="21.527"/>
  <testcase classname="com.crm.contactTest.CreateContactTest" name="createContactWithDates" time="22.984"/>
  <testcase classname="com.crm.orgTest.CreateOrganizationTest" name="createOrgWithTest" time="19.783"/>
  <testcase classname="com.crm.contactTest.CreateContactTest" name="createContactWithOrganization" time="37.882"/>
</testsuite> <!-- Test1 -->
