<?xml version="1.0" encoding="UTF-8"?>
<!-- Generated by org.testng.reporters.JUnitXMLReporter -->
<testsuite ignored="0" hostname="DESKTOP-DNPC8RQ" failures="0" tests="3" name="Test" time="95.276" errors="0" timestamp="2024-06-21T15:34:16 IST">
  <testcase classname="com.crm.contactTest.CreateContactTest" name="createContact" time="21.2"/>
  <testcase classname="com.crm.contactTest.CreateContactTest" name="createContactWithDates" time="17.863"/>
  <testcase classname="com.crm.contactTest.CreateContactTest" name="createContactWithOrganization" time="32.933"/>
</testsuite> <!-- Test -->
