<?xml version="1.0" encoding="UTF-8"?>
<!-- Generated by org.testng.reporters.JUnitXMLReporter -->
<testsuite ignored="6" hostname="DESKTOP-DNPC8RQ" failures="0" tests="4" name="Test_firefox" time="114.249" errors="0" timestamp="2024-06-17T11:21:14 IST">
  <testcase classname="com.crm.orgTest.CreateOrganizationTest" name="craeteOrgTest" time="47.768"/>
  <testcase classname="com.crm.orgTest.CreateOrganizationTest" name="craeteOrgTest" time="49.301"/>
  <testcase classname="com.crm.contactTest.CreateContactTest" name="createContactWithOrganization" time="67.111"/>
  <testcase classname="com.crm.contactTest.CreateContactTest" name="createContactWithOrganization" time="81.562"/>
  <testcase classname="com.crm.orgTest.CreateOrganizationTest" name="createOrgWithTest" time="0.0">
    <ignored/>
  </testcase> <!-- createOrgWithTest -->
  <testcase classname="com.comCast.crm.generic.baseClassUtility.BaseClass" name="@BeforeSuite configBS" time="0.0">
    <ignored/>
  </testcase> <!-- @BeforeSuite configBS -->
  <testcase classname="com.comCast.crm.generic.baseClassUtility.BaseClass" name="@AfterSuite configAS" time="0.0">
    <ignored/>
  </testcase> <!-- @AfterSuite configAS -->
  <testcase classname="com.crm.contactTest.CreateContactTest" name="createContactWithDates" time="0.0">
    <ignored/>
  </testcase> <!-- createContactWithDates -->
  <testcase classname="com.crm.contactTest.CreateContactTest" name="createContact" time="0.0">
    <ignored/>
  </testcase> <!-- createContact -->
  <testcase classname="com.crm.orgTest.CreateOrganizationTest" name="createOrgWithIndustry" time="0.0">
    <ignored/>
  </testcase> <!-- createOrgWithIndustry -->
</testsuite> <!-- Test_firefox -->
